<?xml version="1.0" encoding="utf-8"?>
<coverage line-rate="0.7209" branch-rate="0.664" version="1.9" timestamp="1763894813" lines-covered="806" lines-valid="1118" branches-covered="170" branches-valid="256">
  <sources>
    <source>/Users/sarusman/Desktop/ING-LSI/ING2/S1/DOTNET/PROJET/BlazorGameQuest1234/</source>
  </sources>
  <packages>
    <package name="BlazorGame.GameService" line-rate="0.8758" branch-rate="0.875" complexity="182">
      <classes>
        <class name="Program" filename="BlazorGame.GameService/Program.cs" line-rate="0" branch-rate="0" complexity="4">
          <methods>
            <method name="&lt;Main&gt;$" signature="(System.String[])" line-rate="0" branch-rate="0" complexity="4">
              <lines>
                <line number="6" hits="0" branch="False" />
                <line number="8" hits="0" branch="False" />
                <line number="9" hits="0" branch="False" />
                <line number="10" hits="0" branch="False" />
                <line number="12" hits="0" branch="False" />
                <line number="13" hits="0" branch="False" />
                <line number="14" hits="0" branch="False" />
                <line number="16" hits="0" branch="False" />
                <line number="17" hits="0" branch="False" />
                <line number="18" hits="0" branch="False" />
                <line number="19" hits="0" branch="False" />
                <line number="20" hits="0" branch="False" />
                <line number="21" hits="0" branch="False" />
                <line number="23" hits="0" branch="False" />
                <line number="24" hits="0" branch="False" />
                <line number="25" hits="0" branch="False" />
                <line number="26" hits="0" branch="False" />
                <line number="27" hits="0" branch="False" />
                <line number="28" hits="0" branch="False" />
                <line number="29" hits="0" branch="False" />
                <line number="31" hits="0" branch="False" />
                <line number="32" hits="0" branch="False" />
                <line number="33" hits="0" branch="False" />
                <line number="34" hits="0" branch="False" />
                <line number="35" hits="0" branch="False" />
                <line number="36" hits="0" branch="False" />
                <line number="37" hits="0" branch="False" />
                <line number="38" hits="0" branch="False" />
                <line number="39" hits="0" branch="False" />
                <line number="40" hits="0" branch="False" />
                <line number="42" hits="0" branch="False" />
                <line number="44" hits="0" branch="False" />
                <line number="45" hits="0" branch="False" />
                <line number="46" hits="0" branch="False" />
                <line number="47" hits="0" branch="False" />
                <line number="49" hits="0" branch="False" />
                <line number="50" hits="0" branch="True" condition-coverage="0% (0/2)">
                  <conditions>
                    <condition number="491" type="jump" coverage="0%" />
                  </conditions>
                </line>
                <line number="51" hits="0" branch="False" />
                <line number="52" hits="0" branch="False" />
                <line number="53" hits="0" branch="False" />
                <line number="54" hits="0" branch="False" />
                <line number="55" hits="0" branch="False" />
                <line number="56" hits="0" branch="False" />
                <line number="57" hits="0" branch="False" />
                <line number="58" hits="0" branch="False" />
                <line number="59" hits="0" branch="False" />
                <line number="60" hits="0" branch="False" />
                <line number="61" hits="0" branch="False" />
                <line number="64" hits="0" branch="False" />
                <line number="65" hits="0" branch="False" />
                <line number="67" hits="0" branch="True" condition-coverage="0% (0/2)">
                  <conditions>
                    <condition number="614" type="jump" coverage="0%" />
                  </conditions>
                </line>
                <line number="68" hits="0" branch="False" />
                <line number="69" hits="0" branch="False" />
                <line number="70" hits="0" branch="False" />
                <line number="71" hits="0" branch="False" />
                <line number="72" hits="0" branch="False" />
                <line number="73" hits="0" branch="False" />
                <line number="74" hits="0" branch="False" />
                <line number="76" hits="0" branch="False" />
                <line number="77" hits="0" branch="False" />
                <line number="79" hits="0" branch="False" />
              </lines>
            </method>
          </methods>
          <lines>
            <line number="6" hits="0" branch="False" />
            <line number="8" hits="0" branch="False" />
            <line number="9" hits="0" branch="False" />
            <line number="10" hits="0" branch="False" />
            <line number="12" hits="0" branch="False" />
            <line number="13" hits="0" branch="False" />
            <line number="14" hits="0" branch="False" />
            <line number="16" hits="0" branch="False" />
            <line number="17" hits="0" branch="False" />
            <line number="18" hits="0" branch="False" />
            <line number="19" hits="0" branch="False" />
            <line number="20" hits="0" branch="False" />
            <line number="21" hits="0" branch="False" />
            <line number="23" hits="0" branch="False" />
            <line number="24" hits="0" branch="False" />
            <line number="25" hits="0" branch="False" />
            <line number="26" hits="0" branch="False" />
            <line number="27" hits="0" branch="False" />
            <line number="28" hits="0" branch="False" />
            <line number="29" hits="0" branch="False" />
            <line number="31" hits="0" branch="False" />
            <line number="32" hits="0" branch="False" />
            <line number="33" hits="0" branch="False" />
            <line number="34" hits="0" branch="False" />
            <line number="35" hits="0" branch="False" />
            <line number="36" hits="0" branch="False" />
            <line number="37" hits="0" branch="False" />
            <line number="38" hits="0" branch="False" />
            <line number="39" hits="0" branch="False" />
            <line number="40" hits="0" branch="False" />
            <line number="42" hits="0" branch="False" />
            <line number="44" hits="0" branch="False" />
            <line number="45" hits="0" branch="False" />
            <line number="46" hits="0" branch="False" />
            <line number="47" hits="0" branch="False" />
            <line number="49" hits="0" branch="False" />
            <line number="50" hits="0" branch="True" condition-coverage="0% (0/2)">
              <conditions>
                <condition number="491" type="jump" coverage="0%" />
              </conditions>
            </line>
            <line number="51" hits="0" branch="False" />
            <line number="52" hits="0" branch="False" />
            <line number="53" hits="0" branch="False" />
            <line number="54" hits="0" branch="False" />
            <line number="55" hits="0" branch="False" />
            <line number="56" hits="0" branch="False" />
            <line number="57" hits="0" branch="False" />
            <line number="58" hits="0" branch="False" />
            <line number="59" hits="0" branch="False" />
            <line number="60" hits="0" branch="False" />
            <line number="61" hits="0" branch="False" />
            <line number="64" hits="0" branch="False" />
            <line number="65" hits="0" branch="False" />
            <line number="67" hits="0" branch="True" condition-coverage="0% (0/2)">
              <conditions>
                <condition number="614" type="jump" coverage="0%" />
              </conditions>
            </line>
            <line number="68" hits="0" branch="False" />
            <line number="69" hits="0" branch="False" />
            <line number="70" hits="0" branch="False" />
            <line number="71" hits="0" branch="False" />
            <line number="72" hits="0" branch="False" />
            <line number="73" hits="0" branch="False" />
            <line number="74" hits="0" branch="False" />
            <line number="76" hits="0" branch="False" />
            <line number="77" hits="0" branch="False" />
            <line number="79" hits="0" branch="False" />
          </lines>
        </class>
        <class name="BlazorGame.GameService.Services.DonjonService" filename="BlazorGame.GameService/Services/DonjonService.cs" line-rate="0.9473" branch-rate="0.75" complexity="6">
          <methods>
            <method name="GetByIdAsync" signature="(System.Guid,System.Threading.CancellationToken)" line-rate="1" branch-rate="1" complexity="1">
              <lines>
                <line number="81" hits="6" branch="False" />
                <line number="82" hits="6" branch="False" />
                <line number="83" hits="6" branch="False" />
                <line number="84" hits="6" branch="False" />
                <line number="85" hits="6" branch="False" />
                <line number="86" hits="6" branch="False" />
              </lines>
            </method>
            <method name="NbParDifficulte" signature="(SharedModels.Domain.Common.Enums.Difficulte)" line-rate="0.8571" branch-rate="0.75" complexity="4">
              <lines>
                <line number="92" hits="4" branch="True" condition-coverage="75% (3/4)">
                  <conditions>
                    <condition number="7" type="switch" coverage="75%" />
                  </conditions>
                </line>
                <line number="93" hits="4" branch="False" />
                <line number="94" hits="2" branch="False" />
                <line number="95" hits="1" branch="False" />
                <line number="96" hits="1" branch="False" />
                <line number="97" hits="0" branch="False" />
                <line number="98" hits="4" branch="False" />
              </lines>
            </method>
            <method name=".ctor" signature="(BlazorGame.GameService.Persistence.Repository`1&lt;SharedModels.Domain.Gameplay.Donjon&gt;,BlazorGame.GameService.Services.SalleService,BlazorGame.GameService.Persistence.GameDbContext)" line-rate="1" branch-rate="1" complexity="1">
              <lines>
                <line number="19" hits="17" branch="False" />
                <line number="20" hits="17" branch="False" />
                <line number="21" hits="17" branch="False" />
                <line number="22" hits="17" branch="False" />
                <line number="23" hits="17" branch="False" />
                <line number="24" hits="17" branch="False" />
              </lines>
            </method>
          </methods>
          <lines>
            <line number="81" hits="6" branch="False" />
            <line number="82" hits="6" branch="False" />
            <line number="83" hits="6" branch="False" />
            <line number="84" hits="6" branch="False" />
            <line number="85" hits="6" branch="False" />
            <line number="86" hits="6" branch="False" />
            <line number="92" hits="4" branch="True" condition-coverage="75% (3/4)">
              <conditions>
                <condition number="7" type="switch" coverage="75%" />
              </conditions>
            </line>
            <line number="93" hits="4" branch="False" />
            <line number="94" hits="2" branch="False" />
            <line number="95" hits="1" branch="False" />
            <line number="96" hits="1" branch="False" />
            <line number="97" hits="0" branch="False" />
            <line number="98" hits="4" branch="False" />
            <line number="19" hits="17" branch="False" />
            <line number="20" hits="17" branch="False" />
            <line number="21" hits="17" branch="False" />
            <line number="22" hits="17" branch="False" />
            <line number="23" hits="17" branch="False" />
            <line number="24" hits="17" branch="False" />
          </lines>
        </class>
        <class name="BlazorGame.GameService.Services.DonjonService/&lt;CreateAsync&gt;d__4" filename="BlazorGame.GameService/Services/DonjonService.cs" line-rate="1" branch-rate="0.9166" complexity="12">
          <methods>
            <method name="MoveNext" signature="()" line-rate="1" branch-rate="0.9166" complexity="12">
              <lines>
                <line number="34" hits="17" branch="False" />
                <line number="35" hits="17" branch="True" condition-coverage="50% (1/2)">
                  <conditions>
                    <condition number="30" type="jump" coverage="50%" />
                  </conditions>
                </line>
                <line number="36" hits="17" branch="True" condition-coverage="100% (2/2)">
                  <conditions>
                    <condition number="68" type="jump" coverage="100%" />
                  </conditions>
                </line>
                <line number="38" hits="17" branch="True" condition-coverage="100% (2/2)">
                  <conditions>
                    <condition number="124" type="jump" coverage="100%" />
                  </conditions>
                </line>
                <line number="39" hits="17" branch="False" />
                <line number="40" hits="17" branch="False" />
                <line number="41" hits="17" branch="False" />
                <line number="42" hits="17" branch="False" />
                <line number="43" hits="17" branch="False" />
                <line number="44" hits="17" branch="False" />
                <line number="45" hits="17" branch="False" />
                <line number="47" hits="17" branch="False" />
                <line number="50" hits="126" branch="True" condition-coverage="100% (2/2)">
                  <conditions>
                    <condition number="592" type="jump" coverage="100%" />
                  </conditions>
                </line>
                <line number="51" hits="46" branch="False" />
                <line number="52" hits="46" branch="False" />
                <line number="53" hits="84" branch="False" />
                <line number="54" hits="84" branch="False" />
                <line number="55" hits="84" branch="False" />
                <line number="56" hits="84" branch="False" />
                <line number="57" hits="84" branch="False" />
                <line number="58" hits="84" branch="True" condition-coverage="100% (2/2)">
                  <conditions>
                    <condition number="393" type="jump" coverage="100%" />
                  </conditions>
                </line>
                <line number="59" hits="45" branch="False" />
                <line number="60" hits="45" branch="False" />
                <line number="61" hits="45" branch="False" />
                <line number="63" hits="39" branch="True" condition-coverage="100% (2/2)">
                  <conditions>
                    <condition number="441" type="jump" coverage="100%" />
                  </conditions>
                </line>
                <line number="64" hits="1" branch="False" />
                <line number="65" hits="1" branch="False" />
                <line number="66" hits="1" branch="False" />
                <line number="67" hits="1" branch="False" />
                <line number="69" hits="38" branch="False" />
                <line number="70" hits="46" branch="False" />
                <line number="72" hits="17" branch="False" />
                <line number="73" hits="17" branch="False" />
                <line number="74" hits="17" branch="False" />
              </lines>
            </method>
          </methods>
          <lines>
            <line number="34" hits="17" branch="False" />
            <line number="35" hits="17" branch="True" condition-coverage="50% (1/2)">
              <conditions>
                <condition number="30" type="jump" coverage="50%" />
              </conditions>
            </line>
            <line number="36" hits="17" branch="True" condition-coverage="100% (2/2)">
              <conditions>
                <condition number="68" type="jump" coverage="100%" />
              </conditions>
            </line>
            <line number="38" hits="17" branch="True" condition-coverage="100% (2/2)">
              <conditions>
                <condition number="124" type="jump" coverage="100%" />
              </conditions>
            </line>
            <line number="39" hits="17" branch="False" />
            <line number="40" hits="17" branch="False" />
            <line number="41" hits="17" branch="False" />
            <line number="42" hits="17" branch="False" />
            <line number="43" hits="17" branch="False" />
            <line number="44" hits="17" branch="False" />
            <line number="45" hits="17" branch="False" />
            <line number="47" hits="17" branch="False" />
            <line number="50" hits="126" branch="True" condition-coverage="100% (2/2)">
              <conditions>
                <condition number="592" type="jump" coverage="100%" />
              </conditions>
            </line>
            <line number="51" hits="46" branch="False" />
            <line number="52" hits="46" branch="False" />
            <line number="53" hits="84" branch="False" />
            <line number="54" hits="84" branch="False" />
            <line number="55" hits="84" branch="False" />
            <line number="56" hits="84" branch="False" />
            <line number="57" hits="84" branch="False" />
            <line number="58" hits="84" branch="True" condition-coverage="100% (2/2)">
              <conditions>
                <condition number="393" type="jump" coverage="100%" />
              </conditions>
            </line>
            <line number="59" hits="45" branch="False" />
            <line number="60" hits="45" branch="False" />
            <line number="61" hits="45" branch="False" />
            <line number="63" hits="39" branch="True" condition-coverage="100% (2/2)">
              <conditions>
                <condition number="441" type="jump" coverage="100%" />
              </conditions>
            </line>
            <line number="64" hits="1" branch="False" />
            <line number="65" hits="1" branch="False" />
            <line number="66" hits="1" branch="False" />
            <line number="67" hits="1" branch="False" />
            <line number="69" hits="38" branch="False" />
            <line number="70" hits="46" branch="False" />
            <line number="72" hits="17" branch="False" />
            <line number="73" hits="17" branch="False" />
            <line number="74" hits="17" branch="False" />
          </lines>
        </class>
        <class name="BlazorGame.GameService.Services.GameplayService" filename="BlazorGame.GameService/Services/GameplayService.cs" line-rate="1" branch-rate="1" complexity="1">
          <methods>
            <method name="CreerNouvellePartie" signature="(SharedModels.Domain.Users.Joueur)" line-rate="1" branch-rate="1" complexity="1">
              <lines>
                <line number="17" hits="7" branch="False" />
                <line number="18" hits="7" branch="False" />
                <line number="19" hits="7" branch="False" />
                <line number="20" hits="7" branch="False" />
                <line number="21" hits="7" branch="False" />
                <line number="22" hits="7" branch="False" />
                <line number="23" hits="7" branch="False" />
                <line number="25" hits="7" branch="False" />
                <line number="26" hits="7" branch="False" />
                <line number="27" hits="7" branch="False" />
                <line number="28" hits="7" branch="False" />
                <line number="29" hits="7" branch="False" />
                <line number="30" hits="7" branch="False" />
                <line number="32" hits="7" branch="False" />
                <line number="33" hits="7" branch="False" />
                <line number="34" hits="7" branch="False" />
                <line number="35" hits="7" branch="False" />
                <line number="36" hits="7" branch="False" />
                <line number="37" hits="7" branch="False" />
                <line number="38" hits="7" branch="False" />
                <line number="39" hits="7" branch="False" />
                <line number="41" hits="7" branch="False" />
                <line number="42" hits="7" branch="False" />
              </lines>
            </method>
          </methods>
          <lines>
            <line number="17" hits="7" branch="False" />
            <line number="18" hits="7" branch="False" />
            <line number="19" hits="7" branch="False" />
            <line number="20" hits="7" branch="False" />
            <line number="21" hits="7" branch="False" />
            <line number="22" hits="7" branch="False" />
            <line number="23" hits="7" branch="False" />
            <line number="25" hits="7" branch="False" />
            <line number="26" hits="7" branch="False" />
            <line number="27" hits="7" branch="False" />
            <line number="28" hits="7" branch="False" />
            <line number="29" hits="7" branch="False" />
            <line number="30" hits="7" branch="False" />
            <line number="32" hits="7" branch="False" />
            <line number="33" hits="7" branch="False" />
            <line number="34" hits="7" branch="False" />
            <line number="35" hits="7" branch="False" />
            <line number="36" hits="7" branch="False" />
            <line number="37" hits="7" branch="False" />
            <line number="38" hits="7" branch="False" />
            <line number="39" hits="7" branch="False" />
            <line number="41" hits="7" branch="False" />
            <line number="42" hits="7" branch="False" />
          </lines>
        </class>
        <class name="BlazorGame.GameService.Services.PartieService" filename="BlazorGame.GameService/Services/PartieService.cs" line-rate="1" branch-rate="1" complexity="1">
          <methods>
            <method name=".ctor" signature="(BlazorGame.GameService.Persistence.GameDbContext)" line-rate="1" branch-rate="1" complexity="1">
              <lines>
                <line number="17" hits="25" branch="False" />
                <line number="18" hits="25" branch="False" />
                <line number="19" hits="25" branch="False" />
                <line number="20" hits="25" branch="False" />
              </lines>
            </method>
          </methods>
          <lines>
            <line number="17" hits="25" branch="False" />
            <line number="18" hits="25" branch="False" />
            <line number="19" hits="25" branch="False" />
            <line number="20" hits="25" branch="False" />
          </lines>
        </class>
        <class name="BlazorGame.GameService.Services.PartieService/&lt;&gt;c__DisplayClass3_0" filename="BlazorGame.GameService/Services/PartieService.cs" line-rate="1" branch-rate="1" complexity="4">
          <methods>
            <method name="&lt;AppliquerChoixAsync&gt;b__0" signature="(SharedModels.Domain.Gameplay.Salle)" line-rate="1" branch-rate="1" complexity="1">
              <lines>
                <line number="84" hits="35" branch="False" />
              </lines>
            </method>
            <method name="&lt;AppliquerChoixAsync&gt;b__1" signature="(SharedModels.Domain.Gameplay.EtapeDePartie)" line-rate="1" branch-rate="1" complexity="1">
              <lines>
                <line number="87" hits="18" branch="False" />
              </lines>
            </method>
            <method name="&lt;AppliquerChoixAsync&gt;b__2" signature="(SharedModels.Domain.Gameplay.Choix)" line-rate="1" branch-rate="1" complexity="1">
              <lines>
                <line number="90" hits="31" branch="False" />
              </lines>
            </method>
            <method name="&lt;AppliquerChoixAsync&gt;b__10" signature="(SharedModels.Domain.Gameplay.Salle)" line-rate="1" branch-rate="1" complexity="1">
              <lines>
                <line number="159" hits="4" branch="False" />
              </lines>
            </method>
          </methods>
          <lines>
            <line number="84" hits="35" branch="False" />
            <line number="87" hits="18" branch="False" />
            <line number="90" hits="31" branch="False" />
            <line number="159" hits="4" branch="False" />
          </lines>
        </class>
        <class name="BlazorGame.GameService.Services.PartieService/&lt;AppliquerChoixAsync&gt;d__3" filename="BlazorGame.GameService/Services/PartieService.cs" line-rate="0.8533" branch-rate="0.826" complexity="46">
          <methods>
            <method name="MoveNext" signature="()" line-rate="0.8533" branch-rate="0.826" complexity="46">
              <lines>
                <line number="70" hits="22" branch="False" />
                <line number="71" hits="22" branch="False" />
                <line number="72" hits="24" branch="True" condition-coverage="100% (2/2)">
                  <conditions>
                    <condition number="473" type="jump" coverage="100%" />
                  </conditions>
                </line>
                <line number="73" hits="23" branch="True" condition-coverage="100% (2/2)">
                  <conditions>
                    <condition number="519" type="jump" coverage="100%" />
                  </conditions>
                </line>
                <line number="75" hits="17" branch="False" />
                <line number="76" hits="17" branch="False" />
                <line number="77" hits="17" branch="False" />
                <line number="78" hits="17" branch="False" />
                <line number="79" hits="17" branch="False" />
                <line number="80" hits="17" branch="True" condition-coverage="50% (1/2)">
                  <conditions>
                    <condition number="1038" type="jump" coverage="50%" />
                  </conditions>
                </line>
                <line number="81" hits="17" branch="True" condition-coverage="50% (2/4)">
                  <conditions>
                    <condition number="1090" type="jump" coverage="50%" />
                    <condition number="1118" type="jump" coverage="50%" />
                  </conditions>
                </line>
                <line number="83" hits="17" branch="False" />
                <line number="85" hits="18" branch="True" condition-coverage="100% (2/2)">
                  <conditions>
                    <condition number="1238" type="jump" coverage="100%" />
                  </conditions>
                </line>
                <line number="88" hits="16" branch="True" condition-coverage="50% (1/2)">
                  <conditions>
                    <condition number="1348" type="jump" coverage="50%" />
                  </conditions>
                </line>
                <line number="91" hits="17" branch="True" condition-coverage="100% (2/2)">
                  <conditions>
                    <condition number="1468" type="jump" coverage="100%" />
                  </conditions>
                </line>
                <line number="93" hits="15" branch="False" />
                <line number="94" hits="15" branch="False" />
                <line number="96" hits="15" branch="True" condition-coverage="100% (2/2)">
                  <conditions>
                    <condition number="1556" type="jump" coverage="100%" />
                  </conditions>
                </line>
                <line number="97" hits="15" branch="False" />
                <line number="98" hits="67" branch="True" condition-coverage="100% (2/2)">
                  <conditions>
                    <condition number="1746" type="jump" coverage="100%" />
                  </conditions>
                </line>
                <line number="99" hits="11" branch="False" />
                <line number="100" hits="14" branch="True" condition-coverage="100% (2/2)">
                  <conditions>
                    <condition number="1626" type="jump" coverage="100%" />
                  </conditions>
                </line>
                <line number="101" hits="15" branch="True" condition-coverage="100% (2/2)">
                  <conditions>
                    <condition number="1655" type="jump" coverage="100%" />
                  </conditions>
                </line>
                <line number="102" hits="2" branch="True" condition-coverage="100% (2/2)">
                  <conditions>
                    <condition number="1701" type="jump" coverage="100%" />
                  </conditions>
                </line>
                <line number="103" hits="11" branch="False" />
                <line number="104" hits="15" branch="False" />
                <line number="107" hits="18" branch="True" condition-coverage="100% (2/2)">
                  <conditions>
                    <condition number="1796" type="jump" coverage="100%" />
                  </conditions>
                </line>
                <line number="108" hits="12" branch="False" />
                <line number="111" hits="18" branch="True" condition-coverage="100% (2/2)">
                  <conditions>
                    <condition number="1846" type="jump" coverage="100%" />
                  </conditions>
                </line>
                <line number="112" hits="12" branch="False" />
                <line number="114" hits="15" branch="False" />
                <line number="115" hits="15" branch="False" />
                <line number="116" hits="15" branch="False" />
                <line number="117" hits="15" branch="False" />
                <line number="118" hits="15" branch="False" />
                <line number="119" hits="15" branch="False" />
                <line number="120" hits="15" branch="False" />
                <line number="121" hits="15" branch="False" />
                <line number="122" hits="15" branch="False" />
                <line number="123" hits="15" branch="False" />
                <line number="124" hits="15" branch="False" />
                <line number="126" hits="15" branch="False" />
                <line number="127" hits="15" branch="False" />
                <line number="130" hits="18" branch="True" condition-coverage="100% (2/2)">
                  <conditions>
                    <condition number="2212" type="jump" coverage="100%" />
                  </conditions>
                </line>
                <line number="131" hits="12" branch="False" />
                <line number="133" hits="15" branch="False" />
                <line number="135" hits="15" branch="False" />
                <line number="136" hits="15" branch="True" condition-coverage="50% (1/2)">
                  <conditions>
                    <condition number="2571" type="jump" coverage="50%" />
                  </conditions>
                </line>
                <line number="137" hits="0" branch="False" />
                <line number="138" hits="0" branch="True" condition-coverage="0% (0/2)">
                  <conditions>
                    <condition number="2649" type="jump" coverage="0%" />
                  </conditions>
                </line>
                <line number="139" hits="0" branch="False" />
                <line number="140" hits="0" branch="False" />
                <line number="141" hits="0" branch="False" />
                <line number="142" hits="0" branch="False" />
                <line number="143" hits="0" branch="False" />
                <line number="144" hits="0" branch="False" />
                <line number="145" hits="0" branch="False" />
                <line number="146" hits="0" branch="False" />
                <line number="147" hits="0" branch="False" />
                <line number="149" hits="15" branch="False" />
                <line number="150" hits="15" branch="True" condition-coverage="100% (2/2)">
                  <conditions>
                    <condition number="2831" type="jump" coverage="100%" />
                  </conditions>
                </line>
                <line number="151" hits="15" branch="False" />
                <line number="152" hits="15" branch="False" />
                <line number="154" hits="15" branch="False" />
                <line number="156" hits="15" branch="False" />
                <line number="157" hits="15" branch="True" condition-coverage="100% (2/2)">
                  <conditions>
                    <condition number="3017" type="jump" coverage="100%" />
                  </conditions>
                </line>
                <line number="158" hits="2" branch="False" />
                <line number="160" hits="2" branch="True" condition-coverage="100% (2/2)">
                  <conditions>
                    <condition number="3073" type="jump" coverage="100%" />
                  </conditions>
                </line>
                <line number="161" hits="2" branch="False" />
                <line number="162" hits="2" branch="False" />
                <line number="163" hits="4" branch="True" condition-coverage="100% (2/2)">
                  <conditions>
                    <condition number="3113" type="jump" coverage="100%" />
                  </conditions>
                </line>
                <line number="164" hits="2" branch="False" />
                <line number="165" hits="2" branch="False" />
                <line number="167" hits="15" branch="False" />
                <line number="168" hits="22" branch="False" />
              </lines>
            </method>
          </methods>
          <lines>
            <line number="70" hits="22" branch="False" />
            <line number="71" hits="22" branch="False" />
            <line number="72" hits="24" branch="True" condition-coverage="100% (2/2)">
              <conditions>
                <condition number="473" type="jump" coverage="100%" />
              </conditions>
            </line>
            <line number="73" hits="23" branch="True" condition-coverage="100% (2/2)">
              <conditions>
                <condition number="519" type="jump" coverage="100%" />
              </conditions>
            </line>
            <line number="75" hits="17" branch="False" />
            <line number="76" hits="17" branch="False" />
            <line number="77" hits="17" branch="False" />
            <line number="78" hits="17" branch="False" />
            <line number="79" hits="17" branch="False" />
            <line number="80" hits="17" branch="True" condition-coverage="50% (1/2)">
              <conditions>
                <condition number="1038" type="jump" coverage="50%" />
              </conditions>
            </line>
            <line number="81" hits="17" branch="True" condition-coverage="50% (2/4)">
              <conditions>
                <condition number="1090" type="jump" coverage="50%" />
                <condition number="1118" type="jump" coverage="50%" />
              </conditions>
            </line>
            <line number="83" hits="17" branch="False" />
            <line number="85" hits="18" branch="True" condition-coverage="100% (2/2)">
              <conditions>
                <condition number="1238" type="jump" coverage="100%" />
              </conditions>
            </line>
            <line number="88" hits="16" branch="True" condition-coverage="50% (1/2)">
              <conditions>
                <condition number="1348" type="jump" coverage="50%" />
              </conditions>
            </line>
            <line number="91" hits="17" branch="True" condition-coverage="100% (2/2)">
              <conditions>
                <condition number="1468" type="jump" coverage="100%" />
              </conditions>
            </line>
            <line number="93" hits="15" branch="False" />
            <line number="94" hits="15" branch="False" />
            <line number="96" hits="15" branch="True" condition-coverage="100% (2/2)">
              <conditions>
                <condition number="1556" type="jump" coverage="100%" />
              </conditions>
            </line>
            <line number="97" hits="15" branch="False" />
            <line number="98" hits="67" branch="True" condition-coverage="100% (2/2)">
              <conditions>
                <condition number="1746" type="jump" coverage="100%" />
              </conditions>
            </line>
            <line number="99" hits="11" branch="False" />
            <line number="100" hits="14" branch="True" condition-coverage="100% (2/2)">
              <conditions>
                <condition number="1626" type="jump" coverage="100%" />
              </conditions>
            </line>
            <line number="101" hits="15" branch="True" condition-coverage="100% (2/2)">
              <conditions>
                <condition number="1655" type="jump" coverage="100%" />
              </conditions>
            </line>
            <line number="102" hits="2" branch="True" condition-coverage="100% (2/2)">
              <conditions>
                <condition number="1701" type="jump" coverage="100%" />
              </conditions>
            </line>
            <line number="103" hits="11" branch="False" />
            <line number="104" hits="15" branch="False" />
            <line number="107" hits="18" branch="True" condition-coverage="100% (2/2)">
              <conditions>
                <condition number="1796" type="jump" coverage="100%" />
              </conditions>
            </line>
            <line number="108" hits="12" branch="False" />
            <line number="111" hits="18" branch="True" condition-coverage="100% (2/2)">
              <conditions>
                <condition number="1846" type="jump" coverage="100%" />
              </conditions>
            </line>
            <line number="112" hits="12" branch="False" />
            <line number="114" hits="15" branch="False" />
            <line number="115" hits="15" branch="False" />
            <line number="116" hits="15" branch="False" />
            <line number="117" hits="15" branch="False" />
            <line number="118" hits="15" branch="False" />
            <line number="119" hits="15" branch="False" />
            <line number="120" hits="15" branch="False" />
            <line number="121" hits="15" branch="False" />
            <line number="122" hits="15" branch="False" />
            <line number="123" hits="15" branch="False" />
            <line number="124" hits="15" branch="False" />
            <line number="126" hits="15" branch="False" />
            <line number="127" hits="15" branch="False" />
            <line number="130" hits="18" branch="True" condition-coverage="100% (2/2)">
              <conditions>
                <condition number="2212" type="jump" coverage="100%" />
              </conditions>
            </line>
            <line number="131" hits="12" branch="False" />
            <line number="133" hits="15" branch="False" />
            <line number="135" hits="15" branch="False" />
            <line number="136" hits="15" branch="True" condition-coverage="50% (1/2)">
              <conditions>
                <condition number="2571" type="jump" coverage="50%" />
              </conditions>
            </line>
            <line number="137" hits="0" branch="False" />
            <line number="138" hits="0" branch="True" condition-coverage="0% (0/2)">
              <conditions>
                <condition number="2649" type="jump" coverage="0%" />
              </conditions>
            </line>
            <line number="139" hits="0" branch="False" />
            <line number="140" hits="0" branch="False" />
            <line number="141" hits="0" branch="False" />
            <line number="142" hits="0" branch="False" />
            <line number="143" hits="0" branch="False" />
            <line number="144" hits="0" branch="False" />
            <line number="145" hits="0" branch="False" />
            <line number="146" hits="0" branch="False" />
            <line number="147" hits="0" branch="False" />
            <line number="149" hits="15" branch="False" />
            <line number="150" hits="15" branch="True" condition-coverage="100% (2/2)">
              <conditions>
                <condition number="2831" type="jump" coverage="100%" />
              </conditions>
            </line>
            <line number="151" hits="15" branch="False" />
            <line number="152" hits="15" branch="False" />
            <line number="154" hits="15" branch="False" />
            <line number="156" hits="15" branch="False" />
            <line number="157" hits="15" branch="True" condition-coverage="100% (2/2)">
              <conditions>
                <condition number="3017" type="jump" coverage="100%" />
              </conditions>
            </line>
            <line number="158" hits="2" branch="False" />
            <line number="160" hits="2" branch="True" condition-coverage="100% (2/2)">
              <conditions>
                <condition number="3073" type="jump" coverage="100%" />
              </conditions>
            </line>
            <line number="161" hits="2" branch="False" />
            <line number="162" hits="2" branch="False" />
            <line number="163" hits="4" branch="True" condition-coverage="100% (2/2)">
              <conditions>
                <condition number="3113" type="jump" coverage="100%" />
              </conditions>
            </line>
            <line number="164" hits="2" branch="False" />
            <line number="165" hits="2" branch="False" />
            <line number="167" hits="15" branch="False" />
            <line number="168" hits="22" branch="False" />
          </lines>
        </class>
        <class name="BlazorGame.GameService.Services.PartieService/&lt;DemarrerAsync&gt;d__2" filename="BlazorGame.GameService/Services/PartieService.cs" line-rate="1" branch-rate="0.875" complexity="8">
          <methods>
            <method name="MoveNext" signature="()" line-rate="1" branch-rate="0.875" complexity="8">
              <lines>
                <line number="28" hits="26" branch="False" />
                <line number="29" hits="26" branch="False" />
                <line number="30" hits="28" branch="True" condition-coverage="100% (2/2)">
                  <conditions>
                    <condition number="457" type="jump" coverage="100%" />
                  </conditions>
                </line>
                <line number="32" hits="24" branch="False" />
                <line number="33" hits="25" branch="True" condition-coverage="100% (2/2)">
                  <conditions>
                    <condition number="800" type="jump" coverage="100%" />
                  </conditions>
                </line>
                <line number="34" hits="24" branch="True" condition-coverage="75% (3/4)">
                  <conditions>
                    <condition number="820" type="jump" coverage="50%" />
                    <condition number="848" type="jump" coverage="100%" />
                  </conditions>
                </line>
                <line number="36" hits="22" branch="False" />
                <line number="37" hits="22" branch="False" />
                <line number="38" hits="22" branch="False" />
                <line number="39" hits="22" branch="False" />
                <line number="40" hits="22" branch="False" />
                <line number="41" hits="22" branch="False" />
                <line number="42" hits="22" branch="False" />
                <line number="43" hits="22" branch="False" />
                <line number="44" hits="22" branch="False" />
                <line number="46" hits="22" branch="False" />
                <line number="47" hits="22" branch="False" />
                <line number="49" hits="22" branch="False" />
                <line number="50" hits="22" branch="False" />
                <line number="51" hits="22" branch="False" />
                <line number="52" hits="22" branch="False" />
                <line number="53" hits="22" branch="False" />
                <line number="54" hits="22" branch="False" />
                <line number="55" hits="22" branch="False" />
                <line number="56" hits="22" branch="False" />
                <line number="57" hits="22" branch="False" />
                <line number="59" hits="22" branch="False" />
                <line number="60" hits="22" branch="False" />
                <line number="61" hits="26" branch="False" />
              </lines>
            </method>
          </methods>
          <lines>
            <line number="28" hits="26" branch="False" />
            <line number="29" hits="26" branch="False" />
            <line number="30" hits="28" branch="True" condition-coverage="100% (2/2)">
              <conditions>
                <condition number="457" type="jump" coverage="100%" />
              </conditions>
            </line>
            <line number="32" hits="24" branch="False" />
            <line number="33" hits="25" branch="True" condition-coverage="100% (2/2)">
              <conditions>
                <condition number="800" type="jump" coverage="100%" />
              </conditions>
            </line>
            <line number="34" hits="24" branch="True" condition-coverage="75% (3/4)">
              <conditions>
                <condition number="820" type="jump" coverage="50%" />
                <condition number="848" type="jump" coverage="100%" />
              </conditions>
            </line>
            <line number="36" hits="22" branch="False" />
            <line number="37" hits="22" branch="False" />
            <line number="38" hits="22" branch="False" />
            <line number="39" hits="22" branch="False" />
            <line number="40" hits="22" branch="False" />
            <line number="41" hits="22" branch="False" />
            <line number="42" hits="22" branch="False" />
            <line number="43" hits="22" branch="False" />
            <line number="44" hits="22" branch="False" />
            <line number="46" hits="22" branch="False" />
            <line number="47" hits="22" branch="False" />
            <line number="49" hits="22" branch="False" />
            <line number="50" hits="22" branch="False" />
            <line number="51" hits="22" branch="False" />
            <line number="52" hits="22" branch="False" />
            <line number="53" hits="22" branch="False" />
            <line number="54" hits="22" branch="False" />
            <line number="55" hits="22" branch="False" />
            <line number="56" hits="22" branch="False" />
            <line number="57" hits="22" branch="False" />
            <line number="59" hits="22" branch="False" />
            <line number="60" hits="22" branch="False" />
            <line number="61" hits="26" branch="False" />
          </lines>
        </class>
        <class name="BlazorGame.GameService.Services.SalleService" filename="BlazorGame.GameService/Services/SalleService.cs" line-rate="1" branch-rate="1" complexity="39">
          <methods>
            <method name="GenererSalle" signature="(SharedModels.Domain.Common.Enums.Difficulte,System.Nullable`1&lt;SharedModels.Domain.Common.Enums.TypeSalle&gt;,System.Nullable`1&lt;System.Int32&gt;)" line-rate="1" branch-rate="1" complexity="34">
              <lines>
                <line number="24" hits="121" branch="False" />
                <line number="25" hits="121" branch="True" condition-coverage="100% (2/2)">
                  <conditions>
                    <condition number="8" type="jump" coverage="100%" />
                  </conditions>
                </line>
                <line number="27" hits="121" branch="True" condition-coverage="100% (2/2)">
                  <conditions>
                    <condition number="37" type="jump" coverage="100%" />
                  </conditions>
                </line>
                <line number="28" hits="121" branch="False" />
                <line number="29" hits="121" branch="False" />
                <line number="34" hits="121" branch="True" condition-coverage="100% (2/2)">
                  <conditions>
                    <condition number="83" type="jump" coverage="100%" />
                  </conditions>
                </line>
                <line number="35" hits="27" branch="False" />
                <line number="36" hits="27" branch="False" />
                <line number="37" hits="27" branch="False" />
                <line number="38" hits="27" branch="False" />
                <line number="39" hits="94" branch="True" condition-coverage="100% (2/2)">
                  <conditions>
                    <condition number="109" type="jump" coverage="100%" />
                  </conditions>
                </line>
                <line number="40" hits="22" branch="False" />
                <line number="41" hits="22" branch="False" />
                <line number="42" hits="22" branch="False" />
                <line number="43" hits="22" branch="False" />
                <line number="44" hits="72" branch="True" condition-coverage="100% (2/2)">
                  <conditions>
                    <condition number="135" type="jump" coverage="100%" />
                  </conditions>
                </line>
                <line number="45" hits="16" branch="False" />
                <line number="46" hits="16" branch="False" />
                <line number="47" hits="16" branch="False" />
                <line number="48" hits="16" branch="False" />
                <line number="49" hits="56" branch="True" condition-coverage="100% (2/2)">
                  <conditions>
                    <condition number="161" type="jump" coverage="100%" />
                  </conditions>
                </line>
                <line number="50" hits="14" branch="False" />
                <line number="51" hits="14" branch="False" />
                <line number="52" hits="14" branch="False" />
                <line number="53" hits="14" branch="False" />
                <line number="54" hits="42" branch="True" condition-coverage="100% (2/2)">
                  <conditions>
                    <condition number="187" type="jump" coverage="100%" />
                  </conditions>
                </line>
                <line number="55" hits="19" branch="False" />
                <line number="56" hits="19" branch="False" />
                <line number="57" hits="19" branch="False" />
                <line number="58" hits="19" branch="False" />
                <line number="60" hits="23" branch="False" />
                <line number="61" hits="23" branch="False" />
                <line number="62" hits="23" branch="False" />
                <line number="63" hits="23" branch="False" />
                <line number="66" hits="164" branch="True" condition-coverage="100% (2/2)">
                  <conditions>
                    <condition number="227" type="jump" coverage="100%" />
                  </conditions>
                </line>
                <line number="67" hits="127" branch="True" condition-coverage="100% (2/2)">
                  <conditions>
                    <condition number="242" type="jump" coverage="100%" />
                  </conditions>
                </line>
                <line number="68" hits="29" branch="False" />
                <line number="70" hits="121" branch="False" />
                <line number="72" hits="121" branch="True" condition-coverage="100% (2/2)">
                  <conditions>
                    <condition number="269" type="jump" coverage="100%" />
                  </conditions>
                </line>
                <line number="73" hits="27" branch="False" />
                <line number="74" hits="27" branch="False" />
                <line number="75" hits="27" branch="False" />
                <line number="76" hits="27" branch="False" />
                <line number="77" hits="27" branch="False" />
                <line number="78" hits="27" branch="False" />
                <line number="80" hits="27" branch="False" />
                <line number="81" hits="27" branch="False" />
                <line number="82" hits="27" branch="False" />
                <line number="83" hits="27" branch="False" />
                <line number="85" hits="27" branch="True" condition-coverage="100% (2/2)">
                  <conditions>
                    <condition number="419" type="jump" coverage="100%" />
                  </conditions>
                </line>
                <line number="86" hits="10" branch="False" />
                <line number="87" hits="10" branch="False" />
                <line number="88" hits="10" branch="False" />
                <line number="89" hits="10" branch="False" />
                <line number="90" hits="10" branch="False" />
                <line number="91" hits="10" branch="False" />
                <line number="93" hits="17" branch="False" />
                <line number="94" hits="17" branch="False" />
                <line number="95" hits="17" branch="False" />
                <line number="96" hits="17" branch="False" />
                <line number="97" hits="17" branch="False" />
                <line number="98" hits="17" branch="False" />
                <line number="99" hits="27" branch="False" />
                <line number="100" hits="94" branch="True" condition-coverage="100% (2/2)">
                  <conditions>
                    <condition number="542" type="jump" coverage="100%" />
                  </conditions>
                </line>
                <line number="101" hits="22" branch="False" />
                <line number="102" hits="22" branch="False" />
                <line number="103" hits="22" branch="True" condition-coverage="100% (2/2)">
                  <conditions>
                    <condition number="573" type="jump" coverage="100%" />
                  </conditions>
                </line>
                <line number="104" hits="3" branch="False" />
                <line number="105" hits="3" branch="False" />
                <line number="106" hits="3" branch="False" />
                <line number="107" hits="3" branch="False" />
                <line number="108" hits="3" branch="False" />
                <line number="109" hits="3" branch="False" />
                <line number="110" hits="19" branch="True" condition-coverage="100% (2/2)">
                  <conditions>
                    <condition number="637" type="jump" coverage="100%" />
                  </conditions>
                </line>
                <line number="111" hits="5" branch="False" />
                <line number="112" hits="5" branch="False" />
                <line number="113" hits="5" branch="False" />
                <line number="114" hits="5" branch="False" />
                <line number="115" hits="5" branch="False" />
                <line number="116" hits="5" branch="False" />
                <line number="118" hits="14" branch="False" />
                <line number="119" hits="14" branch="False" />
                <line number="120" hits="14" branch="False" />
                <line number="121" hits="14" branch="False" />
                <line number="122" hits="14" branch="False" />
                <line number="123" hits="14" branch="False" />
                <line number="125" hits="22" branch="False" />
                <line number="126" hits="22" branch="False" />
                <line number="127" hits="22" branch="False" />
                <line number="128" hits="22" branch="False" />
                <line number="129" hits="22" branch="False" />
                <line number="130" hits="72" branch="True" condition-coverage="100% (2/2)">
                  <conditions>
                    <condition number="802" type="jump" coverage="100%" />
                  </conditions>
                </line>
                <line number="131" hits="19" branch="False" />
                <line number="132" hits="19" branch="True" condition-coverage="100% (2/2)">
                  <conditions>
                    <condition number="829" type="jump" coverage="100%" />
                  </conditions>
                </line>
                <line number="133" hits="7" branch="False" />
                <line number="134" hits="7" branch="False" />
                <line number="135" hits="7" branch="False" />
                <line number="136" hits="7" branch="False" />
                <line number="137" hits="7" branch="False" />
                <line number="138" hits="7" branch="False" />
                <line number="140" hits="12" branch="False" />
                <line number="141" hits="12" branch="False" />
                <line number="142" hits="12" branch="False" />
                <line number="143" hits="12" branch="False" />
                <line number="144" hits="12" branch="False" />
                <line number="145" hits="12" branch="False" />
                <line number="147" hits="19" branch="False" />
                <line number="148" hits="19" branch="False" />
                <line number="149" hits="19" branch="False" />
                <line number="150" hits="19" branch="False" />
                <line number="151" hits="19" branch="False" />
                <line number="152" hits="53" branch="True" condition-coverage="100% (2/2)">
                  <conditions>
                    <condition number="994" type="jump" coverage="100%" />
                  </conditions>
                </line>
                <line number="153" hits="23" branch="False" />
                <line number="154" hits="23" branch="False" />
                <line number="155" hits="23" branch="False" />
                <line number="156" hits="23" branch="False" />
                <line number="157" hits="23" branch="False" />
                <line number="159" hits="23" branch="False" />
                <line number="160" hits="23" branch="False" />
                <line number="161" hits="23" branch="False" />
                <line number="162" hits="23" branch="False" />
                <line number="163" hits="23" branch="False" />
                <line number="165" hits="30" branch="False" />
                <line number="166" hits="30" branch="False" />
                <line number="167" hits="30" branch="False" />
                <line number="168" hits="30" branch="False" />
                <line number="169" hits="30" branch="False" />
                <line number="170" hits="30" branch="False" />
                <line number="172" hits="121" branch="False" />
                <line number="173" hits="121" branch="False" />
                <line number="174" hits="121" branch="False" />
                <line number="175" hits="121" branch="False" />
                <line number="176" hits="121" branch="False" />
                <line number="177" hits="121" branch="False" />
                <line number="178" hits="121" branch="False" />
                <line number="179" hits="121" branch="False" />
                <line number="180" hits="121" branch="False" />
                <line number="181" hits="121" branch="False" />
                <line number="183" hits="121" branch="False" />
                <line number="184" hits="121" branch="False" />
              </lines>
            </method>
            <method name="NouveauChoix" signature="(SharedModels.Domain.Common.Enums.TypeChoix,System.String,SharedModels.Domain.Gameplay.Effet[])" line-rate="1" branch-rate="1" complexity="1">
              <lines>
                <line number="194" hits="239" branch="False" />
                <line number="195" hits="239" branch="False" />
                <line number="196" hits="239" branch="False" />
                <line number="197" hits="239" branch="False" />
                <line number="198" hits="239" branch="False" />
                <line number="199" hits="239" branch="False" />
                <line number="200" hits="239" branch="False" />
                <line number="201" hits="239" branch="False" />
              </lines>
            </method>
            <method name="EffetGain" signature="(System.Int32,System.String)" line-rate="1" branch-rate="1" complexity="1">
              <lines>
                <line number="210" hits="72" branch="False" />
                <line number="211" hits="72" branch="False" />
                <line number="212" hits="72" branch="False" />
                <line number="213" hits="72" branch="False" />
                <line number="214" hits="72" branch="False" />
                <line number="215" hits="72" branch="False" />
                <line number="216" hits="72" branch="False" />
                <line number="217" hits="72" branch="False" />
              </lines>
            </method>
            <method name="EffetPerte" signature="(System.Int32,System.String)" line-rate="1" branch-rate="1" complexity="1">
              <lines>
                <line number="226" hits="116" branch="False" />
                <line number="227" hits="116" branch="False" />
                <line number="228" hits="116" branch="False" />
                <line number="229" hits="116" branch="False" />
                <line number="230" hits="116" branch="False" />
                <line number="231" hits="116" branch="False" />
                <line number="232" hits="116" branch="False" />
                <line number="233" hits="116" branch="False" />
              </lines>
            </method>
            <method name="EffetMort" signature="(System.String)" line-rate="1" branch-rate="1" complexity="1">
              <lines>
                <line number="241" hits="3" branch="False" />
                <line number="242" hits="3" branch="False" />
                <line number="243" hits="3" branch="False" />
                <line number="244" hits="3" branch="False" />
                <line number="245" hits="3" branch="False" />
                <line number="246" hits="3" branch="False" />
                <line number="247" hits="3" branch="False" />
                <line number="248" hits="3" branch="False" />
              </lines>
            </method>
            <method name="EffetRien" signature="(System.String)" line-rate="1" branch-rate="1" complexity="1">
              <lines>
                <line number="256" hits="75" branch="False" />
                <line number="257" hits="75" branch="False" />
                <line number="258" hits="75" branch="False" />
                <line number="259" hits="75" branch="False" />
                <line number="260" hits="75" branch="False" />
                <line number="261" hits="75" branch="False" />
                <line number="262" hits="75" branch="False" />
                <line number="263" hits="75" branch="False" />
              </lines>
            </method>
          </methods>
          <lines>
            <line number="24" hits="121" branch="False" />
            <line number="25" hits="121" branch="True" condition-coverage="100% (2/2)">
              <conditions>
                <condition number="8" type="jump" coverage="100%" />
              </conditions>
            </line>
            <line number="27" hits="121" branch="True" condition-coverage="100% (2/2)">
              <conditions>
                <condition number="37" type="jump" coverage="100%" />
              </conditions>
            </line>
            <line number="28" hits="121" branch="False" />
            <line number="29" hits="121" branch="False" />
            <line number="34" hits="121" branch="True" condition-coverage="100% (2/2)">
              <conditions>
                <condition number="83" type="jump" coverage="100%" />
              </conditions>
            </line>
            <line number="35" hits="27" branch="False" />
            <line number="36" hits="27" branch="False" />
            <line number="37" hits="27" branch="False" />
            <line number="38" hits="27" branch="False" />
            <line number="39" hits="94" branch="True" condition-coverage="100% (2/2)">
              <conditions>
                <condition number="109" type="jump" coverage="100%" />
              </conditions>
            </line>
            <line number="40" hits="22" branch="False" />
            <line number="41" hits="22" branch="False" />
            <line number="42" hits="22" branch="False" />
            <line number="43" hits="22" branch="False" />
            <line number="44" hits="72" branch="True" condition-coverage="100% (2/2)">
              <conditions>
                <condition number="135" type="jump" coverage="100%" />
              </conditions>
            </line>
            <line number="45" hits="16" branch="False" />
            <line number="46" hits="16" branch="False" />
            <line number="47" hits="16" branch="False" />
            <line number="48" hits="16" branch="False" />
            <line number="49" hits="56" branch="True" condition-coverage="100% (2/2)">
              <conditions>
                <condition number="161" type="jump" coverage="100%" />
              </conditions>
            </line>
            <line number="50" hits="14" branch="False" />
            <line number="51" hits="14" branch="False" />
            <line number="52" hits="14" branch="False" />
            <line number="53" hits="14" branch="False" />
            <line number="54" hits="42" branch="True" condition-coverage="100% (2/2)">
              <conditions>
                <condition number="187" type="jump" coverage="100%" />
              </conditions>
            </line>
            <line number="55" hits="19" branch="False" />
            <line number="56" hits="19" branch="False" />
            <line number="57" hits="19" branch="False" />
            <line number="58" hits="19" branch="False" />
            <line number="60" hits="23" branch="False" />
            <line number="61" hits="23" branch="False" />
            <line number="62" hits="23" branch="False" />
            <line number="63" hits="23" branch="False" />
            <line number="66" hits="164" branch="True" condition-coverage="100% (2/2)">
              <conditions>
                <condition number="227" type="jump" coverage="100%" />
              </conditions>
            </line>
            <line number="67" hits="127" branch="True" condition-coverage="100% (2/2)">
              <conditions>
                <condition number="242" type="jump" coverage="100%" />
              </conditions>
            </line>
            <line number="68" hits="29" branch="False" />
            <line number="70" hits="121" branch="False" />
            <line number="72" hits="121" branch="True" condition-coverage="100% (2/2)">
              <conditions>
                <condition number="269" type="jump" coverage="100%" />
              </conditions>
            </line>
            <line number="73" hits="27" branch="False" />
            <line number="74" hits="27" branch="False" />
            <line number="75" hits="27" branch="False" />
            <line number="76" hits="27" branch="False" />
            <line number="77" hits="27" branch="False" />
            <line number="78" hits="27" branch="False" />
            <line number="80" hits="27" branch="False" />
            <line number="81" hits="27" branch="False" />
            <line number="82" hits="27" branch="False" />
            <line number="83" hits="27" branch="False" />
            <line number="85" hits="27" branch="True" condition-coverage="100% (2/2)">
              <conditions>
                <condition number="419" type="jump" coverage="100%" />
              </conditions>
            </line>
            <line number="86" hits="10" branch="False" />
            <line number="87" hits="10" branch="False" />
            <line number="88" hits="10" branch="False" />
            <line number="89" hits="10" branch="False" />
            <line number="90" hits="10" branch="False" />
            <line number="91" hits="10" branch="False" />
            <line number="93" hits="17" branch="False" />
            <line number="94" hits="17" branch="False" />
            <line number="95" hits="17" branch="False" />
            <line number="96" hits="17" branch="False" />
            <line number="97" hits="17" branch="False" />
            <line number="98" hits="17" branch="False" />
            <line number="99" hits="27" branch="False" />
            <line number="100" hits="94" branch="True" condition-coverage="100% (2/2)">
              <conditions>
                <condition number="542" type="jump" coverage="100%" />
              </conditions>
            </line>
            <line number="101" hits="22" branch="False" />
            <line number="102" hits="22" branch="False" />
            <line number="103" hits="22" branch="True" condition-coverage="100% (2/2)">
              <conditions>
                <condition number="573" type="jump" coverage="100%" />
              </conditions>
            </line>
            <line number="104" hits="3" branch="False" />
            <line number="105" hits="3" branch="False" />
            <line number="106" hits="3" branch="False" />
            <line number="107" hits="3" branch="False" />
            <line number="108" hits="3" branch="False" />
            <line number="109" hits="3" branch="False" />
            <line number="110" hits="19" branch="True" condition-coverage="100% (2/2)">
              <conditions>
                <condition number="637" type="jump" coverage="100%" />
              </conditions>
            </line>
            <line number="111" hits="5" branch="False" />
            <line number="112" hits="5" branch="False" />
            <line number="113" hits="5" branch="False" />
            <line number="114" hits="5" branch="False" />
            <line number="115" hits="5" branch="False" />
            <line number="116" hits="5" branch="False" />
            <line number="118" hits="14" branch="False" />
            <line number="119" hits="14" branch="False" />
            <line number="120" hits="14" branch="False" />
            <line number="121" hits="14" branch="False" />
            <line number="122" hits="14" branch="False" />
            <line number="123" hits="14" branch="False" />
            <line number="125" hits="22" branch="False" />
            <line number="126" hits="22" branch="False" />
            <line number="127" hits="22" branch="False" />
            <line number="128" hits="22" branch="False" />
            <line number="129" hits="22" branch="False" />
            <line number="130" hits="72" branch="True" condition-coverage="100% (2/2)">
              <conditions>
                <condition number="802" type="jump" coverage="100%" />
              </conditions>
            </line>
            <line number="131" hits="19" branch="False" />
            <line number="132" hits="19" branch="True" condition-coverage="100% (2/2)">
              <conditions>
                <condition number="829" type="jump" coverage="100%" />
              </conditions>
            </line>
            <line number="133" hits="7" branch="False" />
            <line number="134" hits="7" branch="False" />
            <line number="135" hits="7" branch="False" />
            <line number="136" hits="7" branch="False" />
            <line number="137" hits="7" branch="False" />
            <line number="138" hits="7" branch="False" />
            <line number="140" hits="12" branch="False" />
            <line number="141" hits="12" branch="False" />
            <line number="142" hits="12" branch="False" />
            <line number="143" hits="12" branch="False" />
            <line number="144" hits="12" branch="False" />
            <line number="145" hits="12" branch="False" />
            <line number="147" hits="19" branch="False" />
            <line number="148" hits="19" branch="False" />
            <line number="149" hits="19" branch="False" />
            <line number="150" hits="19" branch="False" />
            <line number="151" hits="19" branch="False" />
            <line number="152" hits="53" branch="True" condition-coverage="100% (2/2)">
              <conditions>
                <condition number="994" type="jump" coverage="100%" />
              </conditions>
            </line>
            <line number="153" hits="23" branch="False" />
            <line number="154" hits="23" branch="False" />
            <line number="155" hits="23" branch="False" />
            <line number="156" hits="23" branch="False" />
            <line number="157" hits="23" branch="False" />
            <line number="159" hits="23" branch="False" />
            <line number="160" hits="23" branch="False" />
            <line number="161" hits="23" branch="False" />
            <line number="162" hits="23" branch="False" />
            <line number="163" hits="23" branch="False" />
            <line number="165" hits="30" branch="False" />
            <line number="166" hits="30" branch="False" />
            <line number="167" hits="30" branch="False" />
            <line number="168" hits="30" branch="False" />
            <line number="169" hits="30" branch="False" />
            <line number="170" hits="30" branch="False" />
            <line number="172" hits="121" branch="False" />
            <line number="173" hits="121" branch="False" />
            <line number="174" hits="121" branch="False" />
            <line number="175" hits="121" branch="False" />
            <line number="176" hits="121" branch="False" />
            <line number="177" hits="121" branch="False" />
            <line number="178" hits="121" branch="False" />
            <line number="179" hits="121" branch="False" />
            <line number="180" hits="121" branch="False" />
            <line number="181" hits="121" branch="False" />
            <line number="183" hits="121" branch="False" />
            <line number="184" hits="121" branch="False" />
            <line number="194" hits="239" branch="False" />
            <line number="195" hits="239" branch="False" />
            <line number="196" hits="239" branch="False" />
            <line number="197" hits="239" branch="False" />
            <line number="198" hits="239" branch="False" />
            <line number="199" hits="239" branch="False" />
            <line number="200" hits="239" branch="False" />
            <line number="201" hits="239" branch="False" />
            <line number="210" hits="72" branch="False" />
            <line number="211" hits="72" branch="False" />
            <line number="212" hits="72" branch="False" />
            <line number="213" hits="72" branch="False" />
            <line number="214" hits="72" branch="False" />
            <line number="215" hits="72" branch="False" />
            <line number="216" hits="72" branch="False" />
            <line number="217" hits="72" branch="False" />
            <line number="226" hits="116" branch="False" />
            <line number="227" hits="116" branch="False" />
            <line number="228" hits="116" branch="False" />
            <line number="229" hits="116" branch="False" />
            <line number="230" hits="116" branch="False" />
            <line number="231" hits="116" branch="False" />
            <line number="232" hits="116" branch="False" />
            <line number="233" hits="116" branch="False" />
            <line number="241" hits="3" branch="False" />
            <line number="242" hits="3" branch="False" />
            <line number="243" hits="3" branch="False" />
            <line number="244" hits="3" branch="False" />
            <line number="245" hits="3" branch="False" />
            <line number="246" hits="3" branch="False" />
            <line number="247" hits="3" branch="False" />
            <line number="248" hits="3" branch="False" />
            <line number="256" hits="75" branch="False" />
            <line number="257" hits="75" branch="False" />
            <line number="258" hits="75" branch="False" />
            <line number="259" hits="75" branch="False" />
            <line number="260" hits="75" branch="False" />
            <line number="261" hits="75" branch="False" />
            <line number="262" hits="75" branch="False" />
            <line number="263" hits="75" branch="False" />
          </lines>
        </class>
        <class name="BlazorGame.GameService.Services.ScoresService" filename="BlazorGame.GameService/Services/ScoresService.cs" line-rate="1" branch-rate="1" complexity="4">
          <methods>
            <method name="GetAllAsync" signature="(System.Threading.CancellationToken)" line-rate="1" branch-rate="1" complexity="1">
              <lines>
                <line number="35" hits="6" branch="False" />
                <line number="36" hits="6" branch="False" />
                <line number="37" hits="6" branch="False" />
              </lines>
            </method>
            <method name="GetLeaderboardAsync" signature="(System.Threading.CancellationToken)" line-rate="1" branch-rate="1" complexity="1">
              <lines>
                <line number="41" hits="5" branch="False" />
                <line number="42" hits="5" branch="False" />
                <line number="43" hits="5" branch="False" />
                <line number="44" hits="5" branch="False" />
                <line number="45" hits="5" branch="False" />
                <line number="46" hits="5" branch="False" />
                <line number="47" hits="5" branch="False" />
              </lines>
            </method>
            <method name="GetByDonjonAsync" signature="(System.Guid,System.Threading.CancellationToken)" line-rate="1" branch-rate="1" complexity="1">
              <lines>
                <line number="57" hits="5" branch="False" />
                <line number="58" hits="5" branch="False" />
                <line number="59" hits="5" branch="False" />
                <line number="60" hits="5" branch="False" />
                <line number="61" hits="5" branch="False" />
                <line number="62" hits="5" branch="False" />
                <line number="63" hits="5" branch="False" />
                <line number="64" hits="5" branch="False" />
                <line number="65" hits="5" branch="False" />
              </lines>
            </method>
            <method name=".ctor" signature="(BlazorGame.GameService.Persistence.GameDbContext)" line-rate="1" branch-rate="1" complexity="1">
              <lines>
                <line number="15" hits="32" branch="False" />
              </lines>
            </method>
          </methods>
          <lines>
            <line number="35" hits="6" branch="False" />
            <line number="36" hits="6" branch="False" />
            <line number="37" hits="6" branch="False" />
            <line number="41" hits="5" branch="False" />
            <line number="42" hits="5" branch="False" />
            <line number="43" hits="5" branch="False" />
            <line number="44" hits="5" branch="False" />
            <line number="45" hits="5" branch="False" />
[...]
            <line number="11" hits="74" branch="False" />
            <line number="12" hits="92" branch="False" />
            <line number="13" hits="168" branch="False" />
          </lines>
        </class>
        <class name="SharedModels.Domain.Journal.HistoriqueEvenement" filename="SharedModels/Domain/Journal/HistoriqueEvenement.cs" line-rate="0" branch-rate="1" complexity="6">
          <methods>
            <method name="get_JoueurId" signature="()" line-rate="0" branch-rate="1" complexity="1">
              <lines>
                <line number="10" hits="0" branch="False" />
              </lines>
            </method>
            <method name="get_Joueur" signature="()" line-rate="0" branch-rate="1" complexity="1">
              <lines>
                <line number="11" hits="0" branch="False" />
              </lines>
            </method>
            <method name="get_PartieId" signature="()" line-rate="0" branch-rate="1" complexity="1">
              <lines>
                <line number="12" hits="0" branch="False" />
              </lines>
            </method>
            <method name="get_EtapeId" signature="()" line-rate="0" branch-rate="1" complexity="1">
              <lines>
                <line number="13" hits="0" branch="False" />
              </lines>
            </method>
            <method name="get_Message" signature="()" line-rate="0" branch-rate="1" complexity="1">
              <lines>
                <line number="14" hits="0" branch="False" />
              </lines>
            </method>
            <method name="get_CreeLe" signature="()" line-rate="0" branch-rate="1" complexity="1">
              <lines>
                <line number="15" hits="0" branch="False" />
              </lines>
            </method>
          </methods>
          <lines>
            <line number="10" hits="0" branch="False" />
            <line number="11" hits="0" branch="False" />
            <line number="12" hits="0" branch="False" />
            <line number="13" hits="0" branch="False" />
            <line number="14" hits="0" branch="False" />
            <line number="15" hits="0" branch="False" />
          </lines>
        </class>
        <class name="SharedModels.Domain.Journal.Sauvegarde" filename="SharedModels/Domain/Journal/Sauvegarde.cs" line-rate="0" branch-rate="1" complexity="6">
          <methods>
            <method name="get_JoueurId" signature="()" line-rate="0" branch-rate="1" complexity="1">
              <lines>
                <line number="10" hits="0" branch="False" />
              </lines>
            </method>
            <method name="get_Joueur" signature="()" line-rate="0" branch-rate="1" complexity="1">
              <lines>
                <line number="11" hits="0" branch="False" />
              </lines>
            </method>
            <method name="get_PartieId" signature="()" line-rate="0" branch-rate="1" complexity="1">
              <lines>
                <line number="12" hits="0" branch="False" />
              </lines>
            </method>
            <method name="get_EtapeCouranteId" signature="()" line-rate="0" branch-rate="1" complexity="1">
              <lines>
                <line number="13" hits="0" branch="False" />
              </lines>
            </method>
            <method name="get_EtatJson" signature="()" line-rate="0" branch-rate="1" complexity="1">
              <lines>
                <line number="14" hits="0" branch="False" />
              </lines>
            </method>
            <method name="get_EnregistreeLe" signature="()" line-rate="0" branch-rate="1" complexity="1">
              <lines>
                <line number="15" hits="0" branch="False" />
              </lines>
            </method>
          </methods>
          <lines>
            <line number="10" hits="0" branch="False" />
            <line number="11" hits="0" branch="False" />
            <line number="12" hits="0" branch="False" />
            <line number="13" hits="0" branch="False" />
            <line number="14" hits="0" branch="False" />
            <line number="15" hits="0" branch="False" />
          </lines>
        </class>
        <class name="SharedModels.Domain.Items.InventaireItem" filename="SharedModels/Domain/Items/InventaireItem.cs" line-rate="0" branch-rate="1" complexity="5">
          <methods>
            <method name="get_JoueurId" signature="()" line-rate="0" branch-rate="1" complexity="1">
              <lines>
                <line number="9" hits="0" branch="False" />
              </lines>
            </method>
            <method name="get_Joueur" signature="()" line-rate="0" branch-rate="1" complexity="1">
              <lines>
                <line number="10" hits="0" branch="False" />
              </lines>
            </method>
            <method name="get_ObjetId" signature="()" line-rate="0" branch-rate="1" complexity="1">
              <lines>
                <line number="11" hits="0" branch="False" />
              </lines>
            </method>
            <method name="get_Objet" signature="()" line-rate="0" branch-rate="1" complexity="1">
              <lines>
                <line number="12" hits="0" branch="False" />
              </lines>
            </method>
            <method name="get_Quantite" signature="()" line-rate="0" branch-rate="1" complexity="1">
              <lines>
                <line number="13" hits="0" branch="False" />
              </lines>
            </method>
          </methods>
          <lines>
            <line number="9" hits="0" branch="False" />
            <line number="10" hits="0" branch="False" />
            <line number="11" hits="0" branch="False" />
            <line number="12" hits="0" branch="False" />
            <line number="13" hits="0" branch="False" />
          </lines>
        </class>
        <class name="SharedModels.Domain.Items.Objet" filename="SharedModels/Domain/Items/Objet.cs" line-rate="0" branch-rate="1" complexity="4">
          <methods>
            <method name="get_Nom" signature="()" line-rate="0" branch-rate="1" complexity="1">
              <lines>
                <line number="9" hits="0" branch="False" />
              </lines>
            </method>
            <method name="get_Description" signature="()" line-rate="0" branch-rate="1" complexity="1">
              <lines>
                <line number="10" hits="0" branch="False" />
              </lines>
            </method>
            <method name="get_Rarete" signature="()" line-rate="0" branch-rate="1" complexity="1">
              <lines>
                <line number="11" hits="0" branch="False" />
              </lines>
            </method>
            <method name="get_Code" signature="()" line-rate="0" branch-rate="1" complexity="1">
              <lines>
                <line number="12" hits="0" branch="False" />
              </lines>
            </method>
          </methods>
          <lines>
            <line number="9" hits="0" branch="False" />
            <line number="10" hits="0" branch="False" />
            <line number="11" hits="0" branch="False" />
            <line number="12" hits="0" branch="False" />
          </lines>
        </class>
        <class name="SharedModels.Domain.Gameplay.Choix" filename="SharedModels/Domain/Gameplay/Choix.cs" line-rate="1" branch-rate="1" complexity="3">
          <methods>
            <method name="get_Type" signature="()" line-rate="1" branch-rate="1" complexity="1">
              <lines>
                <line number="9" hits="513" branch="False" />
              </lines>
            </method>
            <method name="get_Libelle" signature="()" line-rate="1" branch-rate="1" complexity="1">
              <lines>
                <line number="10" hits="553" branch="False" />
              </lines>
            </method>
            <method name="get_Effets" signature="()" line-rate="1" branch-rate="1" complexity="1">
              <lines>
                <line number="11" hits="553" branch="False" />
              </lines>
            </method>
          </methods>
          <lines>
            <line number="9" hits="513" branch="False" />
            <line number="10" hits="553" branch="False" />
            <line number="11" hits="553" branch="False" />
          </lines>
        </class>
        <class name="SharedModels.Domain.Gameplay.Donjon" filename="SharedModels/Domain/Gameplay/Donjon.cs" line-rate="1" branch-rate="1" complexity="4">
          <methods>
            <method name="get_Nom" signature="()" line-rate="1" branch-rate="1" complexity="1">
              <lines>
                <line number="9" hits="165" branch="False" />
              </lines>
            </method>
            <method name="get_Difficulte" signature="()" line-rate="1" branch-rate="1" complexity="1">
              <lines>
                <line number="10" hits="116" branch="False" />
              </lines>
            </method>
            <method name="get_NbMaxSalles" signature="()" line-rate="1" branch-rate="1" complexity="1">
              <lines>
                <line number="11" hits="115" branch="False" />
              </lines>
            </method>
            <method name="get_Salles" signature="()" line-rate="1" branch-rate="1" complexity="1">
              <lines>
                <line number="12" hits="345" branch="False" />
              </lines>
            </method>
          </methods>
          <lines>
            <line number="9" hits="165" branch="False" />
            <line number="10" hits="116" branch="False" />
            <line number="11" hits="115" branch="False" />
            <line number="12" hits="345" branch="False" />
          </lines>
        </class>
        <class name="SharedModels.Domain.Gameplay.Effet" filename="SharedModels/Domain/Gameplay/Effet.cs" line-rate="0.75" branch-rate="1" complexity="4">
          <methods>
            <method name="get_Type" signature="()" line-rate="1" branch-rate="1" complexity="1">
              <lines>
                <line number="9" hits="580" branch="False" />
              </lines>
            </method>
            <method name="get_Valeur" signature="()" line-rate="1" branch-rate="1" complexity="1">
              <lines>
                <line number="10" hits="283" branch="False" />
              </lines>
            </method>
            <method name="get_Donnee" signature="()" line-rate="0" branch-rate="1" complexity="1">
              <lines>
                <line number="11" hits="0" branch="False" />
              </lines>
            </method>
            <method name="get_Description" signature="()" line-rate="1" branch-rate="1" complexity="1">
              <lines>
                <line number="12" hits="278" branch="False" />
              </lines>
            </method>
          </methods>
          <lines>
            <line number="9" hits="580" branch="False" />
            <line number="10" hits="283" branch="False" />
            <line number="11" hits="0" branch="False" />
            <line number="12" hits="278" branch="False" />
          </lines>
        </class>
        <class name="SharedModels.Domain.Gameplay.EtapeDePartie" filename="SharedModels/Domain/Gameplay/EtapeDePartie.cs" line-rate="0.6666" branch-rate="1" complexity="9">
          <methods>
            <method name="get_PartieId" signature="()" line-rate="1" branch-rate="1" complexity="1">
              <lines>
                <line number="8" hits="15" branch="False" />
              </lines>
            </method>
            <method name="get_Partie" signature="()" line-rate="0" branch-rate="1" complexity="1">
              <lines>
                <line number="9" hits="0" branch="False" />
              </lines>
            </method>
            <method name="get_SalleId" signature="()" line-rate="1" branch-rate="1" complexity="1">
              <lines>
                <line number="10" hits="18" branch="False" />
              </lines>
            </method>
            <method name="get_Salle" signature="()" line-rate="0" branch-rate="1" complexity="1">
              <lines>
                <line number="11" hits="0" branch="False" />
              </lines>
            </method>
            <method name="get_Ordre" signature="()" line-rate="1" branch-rate="1" complexity="1">
              <lines>
                <line number="12" hits="28" branch="False" />
              </lines>
            </method>
            <method name="get_ChoixId" signature="()" line-rate="1" branch-rate="1" complexity="1">
              <lines>
                <line number="13" hits="16" branch="False" />
              </lines>
            </method>
            <method name="get_Choix" signature="()" line-rate="0" branch-rate="1" complexity="1">
              <lines>
                <line number="14" hits="0" branch="False" />
              </lines>
            </method>
            <method name="get_ScoreApres" signature="()" line-rate="1" branch-rate="1" complexity="1">
              <lines>
                <line number="15" hits="15" branch="False" />
              </lines>
            </method>
            <method name="get_MortIci" signature="()" line-rate="1" branch-rate="1" complexity="1">
              <lines>
                <line number="16" hits="15" branch="False" />
              </lines>
            </method>
          </methods>
          <lines>
            <line number="8" hits="15" branch="False" />
            <line number="9" hits="0" branch="False" />
            <line number="10" hits="18" branch="False" />
            <line number="11" hits="0" branch="False" />
            <line number="12" hits="28" branch="False" />
            <line number="13" hits="16" branch="False" />
            <line number="14" hits="0" branch="False" />
            <line number="15" hits="15" branch="False" />
            <line number="16" hits="15" branch="False" />
          </lines>
        </class>
        <class name="SharedModels.Domain.Gameplay.Partie" filename="SharedModels/Domain/Gameplay/Partie.cs" line-rate="1" branch-rate="1" complexity="9">
          <methods>
            <method name="get_JoueurId" signature="()" line-rate="1" branch-rate="1" complexity="1">
              <lines>
                <line number="9" hits="46" branch="False" />
              </lines>
            </method>
            <method name="get_Joueur" signature="()" line-rate="1" branch-rate="1" complexity="1">
              <lines>
                <line number="10" hits="12" branch="False" />
              </lines>
            </method>
            <method name="get_DonjonId" signature="()" line-rate="1" branch-rate="1" complexity="1">
              <lines>
                <line number="11" hits="58" branch="False" />
              </lines>
            </method>
            <method name="get_Donjon" signature="()" line-rate="1" branch-rate="1" complexity="1">
              <lines>
                <line number="12" hits="26" branch="False" />
              </lines>
            </method>
            <method name="get_DemarreeLe" signature="()" line-rate="1" branch-rate="1" complexity="1">
              <lines>
                <line number="13" hits="62" branch="False" />
              </lines>
            </method>
            <method name="get_TermineeLe" signature="()" line-rate="1" branch-rate="1" complexity="1">
              <lines>
                <line number="14" hits="2" branch="False" />
              </lines>
            </method>
            <method name="get_ScoreFinal" signature="()" line-rate="1" branch-rate="1" complexity="1">
              <lines>
                <line number="15" hits="80" branch="False" />
              </lines>
            </method>
            <method name="get_EstTerminee" signature="()" line-rate="1" branch-rate="1" complexity="1">
              <lines>
                <line number="16" hits="96" branch="False" />
              </lines>
            </method>
            <method name="get_Etapes" signature="()" line-rate="1" branch-rate="1" complexity="1">
              <lines>
                <line number="17" hits="85" branch="False" />
              </lines>
            </method>
          </methods>
          <lines>
            <line number="9" hits="46" branch="False" />
            <line number="10" hits="12" branch="False" />
            <line number="11" hits="58" branch="False" />
            <line number="12" hits="26" branch="False" />
            <line number="13" hits="62" branch="False" />
            <line number="14" hits="2" branch="False" />
            <line number="15" hits="80" branch="False" />
            <line number="16" hits="96" branch="False" />
            <line number="17" hits="85" branch="False" />
          </lines>
        </class>
        <class name="SharedModels.Domain.Gameplay.Salle" filename="SharedModels/Domain/Gameplay/Salle.cs" line-rate="1" branch-rate="1" complexity="6">
          <methods>
            <method name="get_Titre" signature="()" line-rate="1" branch-rate="1" complexity="1">
              <lines>
                <line number="10" hits="455" branch="False" />
              </lines>
            </method>
            <method name="get_Description" signature="()" line-rate="1" branch-rate="1" complexity="1">
              <lines>
                <line number="11" hits="333" branch="False" />
              </lines>
            </method>
            <method name="get_Type" signature="()" line-rate="1" branch-rate="1" complexity="1">
              <lines>
                <line number="12" hits="427" branch="False" />
              </lines>
            </method>
            <method name="get_Difficulte" signature="()" line-rate="1" branch-rate="1" complexity="1">
              <lines>
                <line number="13" hits="323" branch="False" />
              </lines>
            </method>
            <method name="get_ChoixProposes" signature="()" line-rate="1" branch-rate="1" complexity="1">
              <lines>
                <line number="14" hits="393" branch="False" />
              </lines>
            </method>
            <method name="get_ButinPotentiel" signature="()" line-rate="1" branch-rate="1" complexity="1">
              <lines>
                <line number="15" hits="137" branch="False" />
              </lines>
            </method>
          </methods>
          <lines>
            <line number="10" hits="455" branch="False" />
            <line number="11" hits="333" branch="False" />
            <line number="12" hits="427" branch="False" />
            <line number="13" hits="323" branch="False" />
            <line number="14" hits="393" branch="False" />
            <line number="15" hits="137" branch="False" />
          </lines>
        </class>
        <class name="SharedModels.Domain.Common.BaseEntity" filename="SharedModels/Domain/Common/BaseEntity.cs" line-rate="1" branch-rate="1" complexity="1">
          <methods>
            <method name="get_Id" signature="()" line-rate="1" branch-rate="1" complexity="1">
              <lines>
                <line number="6" hits="2222" branch="False" />
              </lines>
            </method>
          </methods>
          <lines>
            <line number="6" hits="2222" branch="False" />
          </lines>
        </class>
        <class name="SharedModels.Domain.Common.Records.Points" filename="SharedModels/Domain/Common/Records/Points.cs" line-rate="0" branch-rate="1" complexity="1">
          <methods>
            <method name="get_Valeur" signature="()" line-rate="0" branch-rate="1" complexity="1">
              <lines>
                <line number="3" hits="0" branch="False" />
              </lines>
            </method>
          </methods>
          <lines>
            <line number="3" hits="0" branch="False" />
          </lines>
        </class>
      </classes>
    </package>
  </packages>
</coverage>